[debug] [2018-07-12T16:39:16.275Z] ----------------------------------------------------------------------
[debug] [2018-07-12T16:39:16.277Z] Command:       /Users/adam/.nvm/versions/node/v9.2.0/bin/node /Users/adam/Projects/RedmenDrag/node_modules/.bin/firebase deploy --token 1/OaU56DU0lTIo35KqRYXlyaKDSGnFGWe-nolZRpHv2lk -m Commit: 03dc52c0bfe6b58b00ba4c5698be57d68d323f25
[debug] [2018-07-12T16:39:16.277Z] CLI Version:   3.19.3
[debug] [2018-07-12T16:39:16.278Z] Platform:      darwin
[debug] [2018-07-12T16:39:16.278Z] Node Version:  v9.2.0
[debug] [2018-07-12T16:39:16.278Z] Time:          Thu Jul 12 2018 09:39:16 GMT-0700 (PDT)
[debug] [2018-07-12T16:39:16.278Z] ----------------------------------------------------------------------
[debug] 
[debug] [2018-07-12T16:39:16.292Z] > command requires scopes: ["email","openid","https://www.googleapis.com/auth/cloudplatformprojects.readonly","https://www.googleapis.com/auth/firebase","https://www.googleapis.com/auth/cloud-platform"]
[debug] [2018-07-12T16:39:16.292Z] > authorizing via --token option
[debug] [2018-07-12T16:39:16.294Z] > refreshing access token with scopes: ["email","openid","https://www.googleapis.com/auth/cloudplatformprojects.readonly","https://www.googleapis.com/auth/firebase","https://www.googleapis.com/auth/cloud-platform"]
[debug] [2018-07-12T16:39:16.294Z] >>> HTTP REQUEST POST https://www.googleapis.com/oauth2/v3/token  
 { refresh_token: '1/OaU56DU0lTIo35KqRYXlyaKDSGnFGWe-nolZRpHv2lk',
  client_id: '563584335869-fgrhgmd47bqnekij5i8b5pr03ho849e6.apps.googleusercontent.com',
  client_secret: 'j9iVZfS8kkCEFUPaAeJV0sAi',
  grant_type: 'refresh_token',
  scope: 'email openid https://www.googleapis.com/auth/cloudplatformprojects.readonly https://www.googleapis.com/auth/firebase https://www.googleapis.com/auth/cloud-platform' } 
 Thu Jul 12 2018 09:39:16 GMT-0700 (PDT)
[debug] [2018-07-12T16:39:16.478Z] <<< HTTP RESPONSE 200
[debug] [2018-07-12T16:39:16.479Z] >>> HTTP REQUEST GET https://admin.firebase.com/v1/projects/redmendrag  
  
 Thu Jul 12 2018 09:39:16 GMT-0700 (PDT)
[debug] [2018-07-12T16:39:16.885Z] <<< HTTP RESPONSE 200
[debug] [2018-07-12T16:39:16.887Z] >>> HTTP REQUEST GET https://admin.firebase.com/v1/database/redmendrag/tokens  
  
 Thu Jul 12 2018 09:39:16 GMT-0700 (PDT)
[debug] [2018-07-12T16:39:17.343Z] <<< HTTP RESPONSE 200
[info] 
[info] === Deploying to 'redmendrag'...
[info] 
[info] i  deploying storage, firestore, hosting
[debug] [2018-07-12T16:39:17.693Z] >>> HTTP REQUEST GET https://appengine.googleapis.com/v1/apps/redmendrag  
  
 Thu Jul 12 2018 09:39:17 GMT-0700 (PDT)
[debug] [2018-07-12T16:39:18.174Z] <<< HTTP RESPONSE 200
[info] i  storage: checking storage.rules for compilation errors...
[debug] [2018-07-12T16:39:18.177Z] >>> HTTP REQUEST POST https://firebaserules.googleapis.com/v1/projects/redmendrag:test  
 { source: { files: [ [Object] ] } } 
 Thu Jul 12 2018 09:39:18 GMT-0700 (PDT)
[debug] [2018-07-12T16:39:18.617Z] <<< HTTP RESPONSE 200
[info] ✔  storage: rules file storage.rules compiled successfully
[info] i  firestore: checking firestore.rules for compilation errors...
[debug] [2018-07-12T16:39:18.620Z] >>> HTTP REQUEST POST https://firebaserules.googleapis.com/v1/projects/redmendrag:test  
 { source: { files: [ [Object] ] } } 
 Thu Jul 12 2018 09:39:18 GMT-0700 (PDT)
[debug] [2018-07-12T16:39:18.982Z] <<< HTTP RESPONSE 200
[info] ✔  firestore: rules file firestore.rules compiled successfully
[info] i  storage: uploading rules storage.rules...
[debug] [2018-07-12T16:39:18.985Z] >>> HTTP REQUEST POST https://firebaserules.googleapis.com/v1/projects/redmendrag/rulesets  
 { source: { files: [ [Object] ] } } 
 Thu Jul 12 2018 09:39:18 GMT-0700 (PDT)
[debug] [2018-07-12T16:39:19.443Z] <<< HTTP RESPONSE 200
[debug] [2018-07-12T16:39:19.444Z] [rules] created ruleset projects/redmendrag/rulesets/503df782-0dcb-442b-92dd-baa1c7e06d05
[info] i  firestore: uploading rules firestore.rules...
[debug] [2018-07-12T16:39:19.445Z] >>> HTTP REQUEST POST https://firebaserules.googleapis.com/v1/projects/redmendrag/rulesets  
 { source: { files: [ [Object] ] } } 
 Thu Jul 12 2018 09:39:19 GMT-0700 (PDT)
[debug] [2018-07-12T16:39:19.445Z] >>> HTTP REQUEST GET https://firestore.googleapis.com/v1beta1/projects/redmendrag/databases/(default)/indexes  
  
 Thu Jul 12 2018 09:39:19 GMT-0700 (PDT)
[debug] [2018-07-12T16:39:20.058Z] <<< HTTP RESPONSE 200
[debug] [2018-07-12T16:39:20.058Z] [rules] created ruleset projects/redmendrag/rulesets/742c9d18-7316-4da6-a910-7ccd3a63cb1d
[debug] [2018-07-12T16:39:20.058Z] <<< HTTP RESPONSE 200
[info] i  hosting: preparing public directory for upload...
[debug] [2018-07-12T16:39:21.474Z] >>> HTTP REQUEST PUT https://deploy.firebase.com/v1/hosting/redmendrag/uploads/-LHEM6PZfN7zBYy3LozC?fileCount=20&message=Commit%3A%2003dc52c0bfe6b58b00ba4c5698be57d68d323f25  
  
 Thu Jul 12 2018 09:39:21 GMT-0700 (PDT)
